2025-12-21 09:45:20,199 - freqtrade.loggers - INFO - Enabling colorized output.
2025-12-21 09:45:20,201 - freqtrade.loggers - INFO - Logfile configured
2025-12-21 09:45:20,202 - freqtrade.loggers - INFO - Verbosity set to 0
2025-12-21 09:45:20,203 - freqtrade.configuration.configuration - INFO - Runmode set to dry_run.
2025-12-21 09:45:20,204 - freqtrade.configuration.configuration - INFO - Parameter --db-url detected ...
2025-12-21 09:45:20,205 - freqtrade.configuration.configuration - INFO - Dry run is enabled
2025-12-21 09:45:20,206 - freqtrade.configuration.configuration - INFO - Using DB: "sqlite:////freqtrade/user_data/tradesv3.sqlite"
2025-12-21 09:45:20,206 - freqtrade.configuration.configuration - INFO - Using max_open_trades: 3 ...
2025-12-21 09:45:20,292 - freqtrade.configuration.configuration - INFO - Using user-data directory: /freqtrade/user_data ...
2025-12-21 09:45:20,294 - freqtrade.configuration.configuration - INFO - Using data directory: /freqtrade/user_data/data/binance ...
2025-12-21 09:45:20,296 - freqtrade.exchange.check_exchange - INFO - Checking exchange...
2025-12-21 09:45:20,308 - freqtrade.exchange.check_exchange - INFO - Exchange "binance" is officially supported by the Freqtrade development team.
2025-12-21 09:45:20,309 - freqtrade.configuration.configuration - INFO - Using pairlist from configuration.
2025-12-21 09:45:20,310 - freqtrade.exchange.exchange - INFO - Instance is running with dry_run enabled
2025-12-21 09:45:20,311 - freqtrade.exchange.exchange - INFO - Using CCXT 4.5.27
2025-12-21 09:45:20,346 - freqtrade.exchange.exchange - INFO - Using Exchange "Binance"
2025-12-21 09:45:22,313 - freqtrade.resolvers.exchange_resolver - INFO - Using resolved exchange 'Binance'...
2025-12-21 09:45:22,375 - smc_indicators - WARNING - smartmoneyconcepts not installed. Run: pip install smartmoneyconcepts
2025-12-21 09:45:22,383 - freqtrade.resolvers.iresolver - INFO - Using resolved strategy SMCAIUltimateStrategy from '/freqtrade/user_data/strategies/SMCAIUltimateStrategy.py'...
2025-12-21 09:45:22,384 - freqtrade.strategy.hyper - INFO - Found no parameter file.
2025-12-21 09:45:22,386 - freqtrade.resolvers.strategy_resolver - INFO - Override strategy 'stake_currency' with value from the configuration: USDT.
2025-12-21 09:45:22,387 - freqtrade.resolvers.strategy_resolver - INFO - Override strategy 'stake_amount' with value from the configuration: 50.
2025-12-21 09:45:22,388 - freqtrade.resolvers.strategy_resolver - INFO - Override strategy 'unfilledtimeout' with value from the configuration: {'entry': 10, 'exit': 10, 'exit_timeout_count': 0, 'unit': 'minutes'}.
2025-12-21 09:45:22,388 - freqtrade.resolvers.strategy_resolver - INFO - Override strategy 'max_open_trades' with value from the configuration: 3.
2025-12-21 09:45:22,390 - freqtrade.resolvers.strategy_resolver - INFO - Strategy using minimal_roi: {'0': 0.06, '30': 0.04, '60': 0.025, '120': 0.015}
2025-12-21 09:45:22,390 - freqtrade.resolvers.strategy_resolver - INFO - Strategy using timeframe: 15m
2025-12-21 09:45:22,391 - freqtrade.resolvers.strategy_resolver - INFO - Strategy using stoploss: -0.025
2025-12-21 09:45:22,392 - freqtrade.resolvers.strategy_resolver - INFO - Strategy using trailing_stop: True
2025-12-21 09:45:22,393 - freqtrade.resolvers.strategy_resolver - INFO - Strategy using trailing_stop_positive: 0.012
2025-12-21 09:45:22,393 - freqtrade.resolvers.strategy_resolver - INFO - Strategy using trailing_stop_positive_offset: 0.02
2025-12-21 09:45:22,394 - freqtrade.resolvers.strategy_resolver - INFO - Strategy using trailing_only_offset_is_reached: True
2025-12-21 09:45:22,395 - freqtrade.resolvers.strategy_resolver - INFO - Strategy using use_custom_stoploss: False
2025-12-21 09:45:22,395 - freqtrade.resolvers.strategy_resolver - INFO - Strategy using process_only_new_candles: True
2025-12-21 09:45:22,396 - freqtrade.resolvers.strategy_resolver - INFO - Strategy using order_types: {'entry': 'limit', 'exit': 'limit', 'stoploss': 'limit', 'stoploss_on_exchange': False, 'stoploss_on_exchange_interval': 60}
2025-12-21 09:45:22,397 - freqtrade.resolvers.strategy_resolver - INFO - Strategy using order_time_in_force: {'entry': 'GTC', 'exit': 'GTC'}
2025-12-21 09:45:22,397 - freqtrade.resolvers.strategy_resolver - INFO - Strategy using stake_currency: USDT
2025-12-21 09:45:22,398 - freqtrade.resolvers.strategy_resolver - INFO - Strategy using stake_amount: 50
2025-12-21 09:45:22,398 - freqtrade.resolvers.strategy_resolver - INFO - Strategy using startup_candle_count: 100
2025-12-21 09:45:22,399 - freqtrade.resolvers.strategy_resolver - INFO - Strategy using unfilledtimeout: {'entry': 10, 'exit': 10, 'exit_timeout_count': 0, 'unit': 'minutes'}
2025-12-21 09:45:22,400 - freqtrade.resolvers.strategy_resolver - INFO - Strategy using use_exit_signal: True
2025-12-21 09:45:22,401 - freqtrade.resolvers.strategy_resolver - INFO - Strategy using exit_profit_only: False
2025-12-21 09:45:22,402 - freqtrade.resolvers.strategy_resolver - INFO - Strategy using ignore_roi_if_entry_signal: False
2025-12-21 09:45:22,402 - freqtrade.resolvers.strategy_resolver - INFO - Strategy using exit_profit_offset: 0.0
2025-12-21 09:45:22,403 - freqtrade.resolvers.strategy_resolver - INFO - Strategy using disable_dataframe_checks: False
2025-12-21 09:45:22,404 - freqtrade.resolvers.strategy_resolver - INFO - Strategy using ignore_buying_expired_candle_after: 0
2025-12-21 09:45:22,404 - freqtrade.resolvers.strategy_resolver - INFO - Strategy using position_adjustment_enable: False
2025-12-21 09:45:22,405 - freqtrade.resolvers.strategy_resolver - INFO - Strategy using max_entry_position_adjustment: -1
2025-12-21 09:45:22,406 - freqtrade.resolvers.strategy_resolver - INFO - Strategy using max_open_trades: 3
2025-12-21 09:45:22,407 - freqtrade.configuration.config_validation - INFO - Validating configuration ...
2025-12-21 09:45:22,769 - freqtrade.wallets - INFO - Wallets synced.
2025-12-21 09:45:23,418 - freqtrade.rpc.rpc_manager - INFO - Enabling rpc.api_server
2025-12-21 09:45:23,650 - freqtrade.rpc.api_server.webserver - INFO - Starting HTTP Server at 0.0.0.0:8080
2025-12-21 09:45:23,652 - freqtrade.rpc.api_server.webserver - INFO - Starting Local Rest Server.
2025-12-21 09:45:23,689 - uvicorn.error - INFO - Started server process [1]
2025-12-21 09:45:23,691 - uvicorn.error - INFO - Waiting for application startup.
2025-12-21 09:45:23,693 - uvicorn.error - INFO - Application startup complete.
2025-12-21 09:45:23,694 - uvicorn.error - INFO - Uvicorn running on http://0.0.0.0:8080 (Press CTRL+C to quit)
2025-12-21 09:45:23,698 - freqtrade.resolvers.iresolver - INFO - Using resolved pairlist StaticPairList from '/freqtrade/freqtrade/plugins/pairlist/StaticPairList.py'...
2025-12-21 09:45:23,699 - freqtrade.freqtradebot - INFO - Starting initial pairlist refresh
2025-12-21 09:45:23,731 - freqtrade.plugins.pairlistmanager - WARNING - Pair BNB/USDT in your blacklist. Removing it from whitelist...
2025-12-21 09:45:23,733 - freqtrade.plugins.pairlistmanager - INFO - Whitelist with 4 pairs: ['BTC/USDT', 'ETH/USDT', 'SOL/USDT', 'XRP/USDT']
2025-12-21 09:45:23,734 - freqtrade.freqtradebot - INFO - Initial Pairlist refresh took 0.03s
2025-12-21 09:45:23,735 - freqtrade.strategy.hyper - INFO - No params for buy found, using default values.
2025-12-21 09:45:23,736 - freqtrade.strategy.hyper - INFO - Strategy Parameter(default): ai_weight = 0.5
2025-12-21 09:45:23,737 - freqtrade.strategy.hyper - INFO - Strategy Parameter(default): min_confidence = 0.4
2025-12-21 09:45:23,738 - freqtrade.strategy.hyper - INFO - Strategy Parameter(default): swing_length = 10
2025-12-21 09:45:23,738 - freqtrade.plugins.protectionmanager - INFO - No protection Handlers defined.
2025-12-21 09:45:23,739 - freqtrade.rpc.rpc_manager - INFO - Sending rpc message: {'type': status, 'status': 'running'}
2025-12-21 09:45:23,740 - freqtrade.worker - INFO - Changing state to: RUNNING
2025-12-21 09:45:23,767 - freqtrade.rpc.rpc_manager - INFO - Sending rpc message: {'type': warning, 'status': 'Dry run is enabled. All trades are simulated.'}
2025-12-21 09:45:23,768 - freqtrade.rpc.rpc_manager - INFO - Sending rpc message: {'type': startup, 'status': "*Exchange:* `binance`\n*Stake per trade:* `50 USDT`\n*Minimum ROI:* `{'0': 0.06, '30': 0.04, '60': 0.025, '120': 0.015}`\n*Trailing Stoploss:* `-0.025`\n*Position adjustment:* `Off`\n*Timeframe:* `15m`\n*Strategy:* `SMCAIUltimateStrategy`"}
2025-12-21 09:45:23,769 - freqtrade.rpc.rpc_manager - INFO - Sending rpc message: {'type': startup, 'status': "Searching for USDT pairs to buy and sell based on [{'StaticPairList': 'StaticPairList'}]"}
2025-12-21 09:45:27,053 - freqtrade.exchange.exchange_ws - ERROR - Exception in continuously_async_watch_ohlcv for XRP/USDT, 1h
Traceback (most recent call last):
  File "/freqtrade/freqtrade/exchange/exchange_ws.py", line 176, in _continuously_async_watch_ohlcv
    data = await self._ccxt_object.watch_ohlcv(pair, timeframe)
           ^^^^^^^^^^^^^^^^^^^^^^^^^^^^^^^^^^^^^^^^^^^^^^^^^^^^
  File "/home/ftuser/.local/lib/python3.13/site-packages/ccxt/pro/binance.py", line 1366, in watch_ohlcv
    result = await self.watch_ohlcv_for_symbols([[symbol, timeframe]], since, limit, params)
             ^^^^^^^^^^^^^^^^^^^^^^^^^^^^^^^^^^^^^^^^^^^^^^^^^^^^^^^^^^^^^^^^^^^^^^^^^^^^^^^
  File "/home/ftuser/.local/lib/python3.13/site-packages/ccxt/pro/binance.py", line 1425, in watch_ohlcv_for_symbols
    res = await self.watch_multiple(url, messageHashes, self.extend(request, params), messageHashes, subscribe)
          ^^^^^^^^^^^^^^^^^^^^^^^^^^^^^^^^^^^^^^^^^^^^^^^^^^^^^^^^^^^^^^^^^^^^^^^^^^^^^^^^^^^^^^^^^^^^^^^^^^^^^
ccxt.base.errors.NetworkError: Connection closed by remote server, closing code 1008
2025-12-21 09:45:27,061 - freqtrade.exchange.exchange_ws - ERROR - Exception in continuously_async_watch_ohlcv for BTC/USDT, 1h
Traceback (most recent call last):
  File "/freqtrade/freqtrade/exchange/exchange_ws.py", line 176, in _continuously_async_watch_ohlcv
    data = await self._ccxt_object.watch_ohlcv(pair, timeframe)
           ^^^^^^^^^^^^^^^^^^^^^^^^^^^^^^^^^^^^^^^^^^^^^^^^^^^^
  File "/home/ftuser/.local/lib/python3.13/site-packages/ccxt/pro/binance.py", line 1366, in watch_ohlcv
    result = await self.watch_ohlcv_for_symbols([[symbol, timeframe]], since, limit, params)
             ^^^^^^^^^^^^^^^^^^^^^^^^^^^^^^^^^^^^^^^^^^^^^^^^^^^^^^^^^^^^^^^^^^^^^^^^^^^^^^^
  File "/home/ftuser/.local/lib/python3.13/site-packages/ccxt/pro/binance.py", line 1425, in watch_ohlcv_for_symbols
    res = await self.watch_multiple(url, messageHashes, self.extend(request, params), messageHashes, subscribe)
          ^^^^^^^^^^^^^^^^^^^^^^^^^^^^^^^^^^^^^^^^^^^^^^^^^^^^^^^^^^^^^^^^^^^^^^^^^^^^^^^^^^^^^^^^^^^^^^^^^^^^^
ccxt.base.errors.NetworkError: Connection closed by remote server, closing code 1008
2025-12-21 09:45:27,063 - freqtrade.exchange.exchange_ws - ERROR - Exception in continuously_async_watch_ohlcv for BTC/USDT, 15m
Traceback (most recent call last):
  File "/freqtrade/freqtrade/exchange/exchange_ws.py", line 176, in _continuously_async_watch_ohlcv
    data = await self._ccxt_object.watch_ohlcv(pair, timeframe)
           ^^^^^^^^^^^^^^^^^^^^^^^^^^^^^^^^^^^^^^^^^^^^^^^^^^^^
  File "/home/ftuser/.local/lib/python3.13/site-packages/ccxt/pro/binance.py", line 1366, in watch_ohlcv
    result = await self.watch_ohlcv_for_symbols([[symbol, timeframe]], since, limit, params)
             ^^^^^^^^^^^^^^^^^^^^^^^^^^^^^^^^^^^^^^^^^^^^^^^^^^^^^^^^^^^^^^^^^^^^^^^^^^^^^^^
  File "/home/ftuser/.local/lib/python3.13/site-packages/ccxt/pro/binance.py", line 1425, in watch_ohlcv_for_symbols
    res = await self.watch_multiple(url, messageHashes, self.extend(request, params), messageHashes, subscribe)
          ^^^^^^^^^^^^^^^^^^^^^^^^^^^^^^^^^^^^^^^^^^^^^^^^^^^^^^^^^^^^^^^^^^^^^^^^^^^^^^^^^^^^^^^^^^^^^^^^^^^^^
ccxt.base.errors.NetworkError: Connection closed by remote server, closing code 1008
2025-12-21 09:45:27,064 - freqtrade.exchange.exchange_ws - ERROR - Exception in continuously_async_watch_ohlcv for ETH/USDT, 4h
Traceback (most recent call last):
  File "/freqtrade/freqtrade/exchange/exchange_ws.py", line 176, in _continuously_async_watch_ohlcv
    data = await self._ccxt_object.watch_ohlcv(pair, timeframe)
           ^^^^^^^^^^^^^^^^^^^^^^^^^^^^^^^^^^^^^^^^^^^^^^^^^^^^
  File "/home/ftuser/.local/lib/python3.13/site-packages/ccxt/pro/binance.py", line 1366, in watch_ohlcv
    result = await self.watch_ohlcv_for_symbols([[symbol, timeframe]], since, limit, params)
             ^^^^^^^^^^^^^^^^^^^^^^^^^^^^^^^^^^^^^^^^^^^^^^^^^^^^^^^^^^^^^^^^^^^^^^^^^^^^^^^
  File "/home/ftuser/.local/lib/python3.13/site-packages/ccxt/pro/binance.py", line 1425, in watch_ohlcv_for_symbols
    res = await self.watch_multiple(url, messageHashes, self.extend(request, params), messageHashes, subscribe)
          ^^^^^^^^^^^^^^^^^^^^^^^^^^^^^^^^^^^^^^^^^^^^^^^^^^^^^^^^^^^^^^^^^^^^^^^^^^^^^^^^^^^^^^^^^^^^^^^^^^^^^
ccxt.base.errors.NetworkError: Connection closed by remote server, closing code 1008
2025-12-21 09:45:27,066 - freqtrade.exchange.exchange_ws - ERROR - Exception in continuously_async_watch_ohlcv for SOL/USDT, 1h
Traceback (most recent call last):
  File "/freqtrade/freqtrade/exchange/exchange_ws.py", line 176, in _continuously_async_watch_ohlcv
    data = await self._ccxt_object.watch_ohlcv(pair, timeframe)
           ^^^^^^^^^^^^^^^^^^^^^^^^^^^^^^^^^^^^^^^^^^^^^^^^^^^^
  File "/home/ftuser/.local/lib/python3.13/site-packages/ccxt/pro/binance.py", line 1366, in watch_ohlcv
    result = await self.watch_ohlcv_for_symbols([[symbol, timeframe]], since, limit, params)
             ^^^^^^^^^^^^^^^^^^^^^^^^^^^^^^^^^^^^^^^^^^^^^^^^^^^^^^^^^^^^^^^^^^^^^^^^^^^^^^^
  File "/home/ftuser/.local/lib/python3.13/site-packages/ccxt/pro/binance.py", line 1425, in watch_ohlcv_for_symbols
    res = await self.watch_multiple(url, messageHashes, self.extend(request, params), messageHashes, subscribe)
          ^^^^^^^^^^^^^^^^^^^^^^^^^^^^^^^^^^^^^^^^^^^^^^^^^^^^^^^^^^^^^^^^^^^^^^^^^^^^^^^^^^^^^^^^^^^^^^^^^^^^^
ccxt.base.errors.NetworkError: Connection closed by remote server, closing code 1008
2025-12-21 09:45:27,068 - freqtrade.exchange.exchange_ws - ERROR - Exception in continuously_async_watch_ohlcv for SOL/USDT, 15m
Traceback (most recent call last):
  File "/freqtrade/freqtrade/exchange/exchange_ws.py", line 176, in _continuously_async_watch_ohlcv
    data = await self._ccxt_object.watch_ohlcv(pair, timeframe)
           ^^^^^^^^^^^^^^^^^^^^^^^^^^^^^^^^^^^^^^^^^^^^^^^^^^^^
  File "/home/ftuser/.local/lib/python3.13/site-packages/ccxt/pro/binance.py", line 1366, in watch_ohlcv
    result = await self.watch_ohlcv_for_symbols([[symbol, timeframe]], since, limit, params)
             ^^^^^^^^^^^^^^^^^^^^^^^^^^^^^^^^^^^^^^^^^^^^^^^^^^^^^^^^^^^^^^^^^^^^^^^^^^^^^^^
  File "/home/ftuser/.local/lib/python3.13/site-packages/ccxt/pro/binance.py", line 1425, in watch_ohlcv_for_symbols
    res = await self.watch_multiple(url, messageHashes, self.extend(request, params), messageHashes, subscribe)
          ^^^^^^^^^^^^^^^^^^^^^^^^^^^^^^^^^^^^^^^^^^^^^^^^^^^^^^^^^^^^^^^^^^^^^^^^^^^^^^^^^^^^^^^^^^^^^^^^^^^^^
ccxt.base.errors.NetworkError: Connection closed by remote server, closing code 1008
2025-12-21 09:45:27,071 - freqtrade.exchange.exchange_ws - ERROR - Exception in continuously_async_watch_ohlcv for XRP/USDT, 15m
Traceback (most recent call last):
  File "/freqtrade/freqtrade/exchange/exchange_ws.py", line 176, in _continuously_async_watch_ohlcv
    data = await self._ccxt_object.watch_ohlcv(pair, timeframe)
           ^^^^^^^^^^^^^^^^^^^^^^^^^^^^^^^^^^^^^^^^^^^^^^^^^^^^
  File "/home/ftuser/.local/lib/python3.13/site-packages/ccxt/pro/binance.py", line 1366, in watch_ohlcv
    result = await self.watch_ohlcv_for_symbols([[symbol, timeframe]], since, limit, params)
             ^^^^^^^^^^^^^^^^^^^^^^^^^^^^^^^^^^^^^^^^^^^^^^^^^^^^^^^^^^^^^^^^^^^^^^^^^^^^^^^
  File "/home/ftuser/.local/lib/python3.13/site-packages/ccxt/pro/binance.py", line 1425, in watch_ohlcv_for_symbols
    res = await self.watch_multiple(url, messageHashes, self.extend(request, params), messageHashes, subscribe)
          ^^^^^^^^^^^^^^^^^^^^^^^^^^^^^^^^^^^^^^^^^^^^^^^^^^^^^^^^^^^^^^^^^^^^^^^^^^^^^^^^^^^^^^^^^^^^^^^^^^^^^
ccxt.base.errors.NetworkError: Connection closed by remote server, closing code 1008
2025-12-21 09:45:27,072 - freqtrade.exchange.exchange_ws - ERROR - Exception in continuously_async_watch_ohlcv for ETH/USDT, 1h
Traceback (most recent call last):
  File "/freqtrade/freqtrade/exchange/exchange_ws.py", line 176, in _continuously_async_watch_ohlcv
    data = await self._ccxt_object.watch_ohlcv(pair, timeframe)
           ^^^^^^^^^^^^^^^^^^^^^^^^^^^^^^^^^^^^^^^^^^^^^^^^^^^^
  File "/home/ftuser/.local/lib/python3.13/site-packages/ccxt/pro/binance.py", line 1366, in watch_ohlcv
    result = await self.watch_ohlcv_for_symbols([[symbol, timeframe]], since, limit, params)
             ^^^^^^^^^^^^^^^^^^^^^^^^^^^^^^^^^^^^^^^^^^^^^^^^^^^^^^^^^^^^^^^^^^^^^^^^^^^^^^^
  File "/home/ftuser/.local/lib/python3.13/site-packages/ccxt/pro/binance.py", line 1425, in watch_ohlcv_for_symbols
    res = await self.watch_multiple(url, messageHashes, self.extend(request, params), messageHashes, subscribe)
          ^^^^^^^^^^^^^^^^^^^^^^^^^^^^^^^^^^^^^^^^^^^^^^^^^^^^^^^^^^^^^^^^^^^^^^^^^^^^^^^^^^^^^^^^^^^^^^^^^^^^^
ccxt.base.errors.NetworkError: Connection closed by remote server, closing code 1008
2025-12-21 09:45:27,074 - freqtrade.exchange.exchange_ws - ERROR - Exception in continuously_async_watch_ohlcv for ETH/USDT, 15m
Traceback (most recent call last):
  File "/freqtrade/freqtrade/exchange/exchange_ws.py", line 176, in _continuously_async_watch_ohlcv
    data = await self._ccxt_object.watch_ohlcv(pair, timeframe)
           ^^^^^^^^^^^^^^^^^^^^^^^^^^^^^^^^^^^^^^^^^^^^^^^^^^^^
  File "/home/ftuser/.local/lib/python3.13/site-packages/ccxt/pro/binance.py", line 1366, in watch_ohlcv
    result = await self.watch_ohlcv_for_symbols([[symbol, timeframe]], since, limit, params)
             ^^^^^^^^^^^^^^^^^^^^^^^^^^^^^^^^^^^^^^^^^^^^^^^^^^^^^^^^^^^^^^^^^^^^^^^^^^^^^^^
  File "/home/ftuser/.local/lib/python3.13/site-packages/ccxt/pro/binance.py", line 1425, in watch_ohlcv_for_symbols
    res = await self.watch_multiple(url, messageHashes, self.extend(request, params), messageHashes, subscribe)
          ^^^^^^^^^^^^^^^^^^^^^^^^^^^^^^^^^^^^^^^^^^^^^^^^^^^^^^^^^^^^^^^^^^^^^^^^^^^^^^^^^^^^^^^^^^^^^^^^^^^^^
ccxt.base.errors.NetworkError: Connection closed by remote server, closing code 1008
2025-12-21 09:45:27,076 - freqtrade.exchange.exchange_ws - ERROR - Exception in continuously_async_watch_ohlcv for XRP/USDT, 4h
Traceback (most recent call last):
  File "/freqtrade/freqtrade/exchange/exchange_ws.py", line 176, in _continuously_async_watch_ohlcv
    data = await self._ccxt_object.watch_ohlcv(pair, timeframe)
           ^^^^^^^^^^^^^^^^^^^^^^^^^^^^^^^^^^^^^^^^^^^^^^^^^^^^
  File "/home/ftuser/.local/lib/python3.13/site-packages/ccxt/pro/binance.py", line 1366, in watch_ohlcv
    result = await self.watch_ohlcv_for_symbols([[symbol, timeframe]], since, limit, params)
             ^^^^^^^^^^^^^^^^^^^^^^^^^^^^^^^^^^^^^^^^^^^^^^^^^^^^^^^^^^^^^^^^^^^^^^^^^^^^^^^
  File "/home/ftuser/.local/lib/python3.13/site-packages/ccxt/pro/binance.py", line 1425, in watch_ohlcv_for_symbols
    res = await self.watch_multiple(url, messageHashes, self.extend(request, params), messageHashes, subscribe)
          ^^^^^^^^^^^^^^^^^^^^^^^^^^^^^^^^^^^^^^^^^^^^^^^^^^^^^^^^^^^^^^^^^^^^^^^^^^^^^^^^^^^^^^^^^^^^^^^^^^^^^
ccxt.base.errors.NetworkError: Connection closed by remote server, closing code 1008
2025-12-21 09:45:27,078 - freqtrade.exchange.exchange_ws - ERROR - Exception in continuously_async_watch_ohlcv for BTC/USDT, 4h
Traceback (most recent call last):
  File "/freqtrade/freqtrade/exchange/exchange_ws.py", line 176, in _continuously_async_watch_ohlcv
    data = await self._ccxt_object.watch_ohlcv(pair, timeframe)
           ^^^^^^^^^^^^^^^^^^^^^^^^^^^^^^^^^^^^^^^^^^^^^^^^^^^^
  File "/home/ftuser/.local/lib/python3.13/site-packages/ccxt/pro/binance.py", line 1366, in watch_ohlcv
    result = await self.watch_ohlcv_for_symbols([[symbol, timeframe]], since, limit, params)
             ^^^^^^^^^^^^^^^^^^^^^^^^^^^^^^^^^^^^^^^^^^^^^^^^^^^^^^^^^^^^^^^^^^^^^^^^^^^^^^^
  File "/home/ftuser/.local/lib/python3.13/site-packages/ccxt/pro/binance.py", line 1425, in watch_ohlcv_for_symbols
    res = await self.watch_multiple(url, messageHashes, self.extend(request, params), messageHashes, subscribe)
          ^^^^^^^^^^^^^^^^^^^^^^^^^^^^^^^^^^^^^^^^^^^^^^^^^^^^^^^^^^^^^^^^^^^^^^^^^^^^^^^^^^^^^^^^^^^^^^^^^^^^^
ccxt.base.errors.NetworkError: Connection closed by remote server, closing code 1008
2025-12-21 09:45:27,079 - freqtrade.exchange.exchange_ws - ERROR - Exception in continuously_async_watch_ohlcv for SOL/USDT, 4h
Traceback (most recent call last):
  File "/freqtrade/freqtrade/exchange/exchange_ws.py", line 176, in _continuously_async_watch_ohlcv
    data = await self._ccxt_object.watch_ohlcv(pair, timeframe)
           ^^^^^^^^^^^^^^^^^^^^^^^^^^^^^^^^^^^^^^^^^^^^^^^^^^^^
  File "/home/ftuser/.local/lib/python3.13/site-packages/ccxt/pro/binance.py", line 1366, in watch_ohlcv
    result = await self.watch_ohlcv_for_symbols([[symbol, timeframe]], since, limit, params)
             ^^^^^^^^^^^^^^^^^^^^^^^^^^^^^^^^^^^^^^^^^^^^^^^^^^^^^^^^^^^^^^^^^^^^^^^^^^^^^^^
  File "/home/ftuser/.local/lib/python3.13/site-packages/ccxt/pro/binance.py", line 1425, in watch_ohlcv_for_symbols
    res = await self.watch_multiple(url, messageHashes, self.extend(request, params), messageHashes, subscribe)
          ^^^^^^^^^^^^^^^^^^^^^^^^^^^^^^^^^^^^^^^^^^^^^^^^^^^^^^^^^^^^^^^^^^^^^^^^^^^^^^^^^^^^^^^^^^^^^^^^^^^^^
ccxt.base.errors.NetworkError: Connection closed by remote server, closing code 1008
2025-12-21 09:45:27,081 - freqtrade.exchange.exchange_ws - INFO - XRP/USDT, 1h, spot - Task finished - done
2025-12-21 09:45:27,082 - freqtrade.exchange.exchange_ws - INFO - BTC/USDT, 1h, spot - Task finished - done
2025-12-21 09:45:27,083 - freqtrade.exchange.exchange_ws - INFO - BTC/USDT, 15m, spot - Task finished - done
2025-12-21 09:45:27,084 - freqtrade.exchange.exchange_ws - INFO - ETH/USDT, 4h, spot - Task finished - done
2025-12-21 09:45:27,085 - freqtrade.exchange.exchange_ws - INFO - SOL/USDT, 1h, spot - Task finished - done
2025-12-21 09:45:27,086 - freqtrade.exchange.exchange_ws - INFO - SOL/USDT, 15m, spot - Task finished - done
2025-12-21 09:45:27,087 - freqtrade.exchange.exchange_ws - INFO - XRP/USDT, 15m, spot - Task finished - done
2025-12-21 09:45:27,087 - freqtrade.exchange.exchange_ws - INFO - ETH/USDT, 1h, spot - Task finished - done
2025-12-21 09:45:27,088 - freqtrade.exchange.exchange_ws - INFO - ETH/USDT, 15m, spot - Task finished - done
2025-12-21 09:45:27,089 - freqtrade.exchange.exchange_ws - INFO - XRP/USDT, 4h, spot - Task finished - done
2025-12-21 09:45:27,090 - freqtrade.exchange.exchange_ws - INFO - BTC/USDT, 4h, spot - Task finished - done
2025-12-21 09:45:27,090 - freqtrade.exchange.exchange_ws - INFO - SOL/USDT, 4h, spot - Task finished - done
2025-12-21 09:45:28,775 - freqtrade.worker - INFO - Bot heartbeat. PID=1, version='2025.11.2', state='RUNNING'
2025-12-21 09:46:28,776 - freqtrade.worker - INFO - Bot heartbeat. PID=1, version='2025.11.2', state='RUNNING'
2025-12-21 09:47:28,778 - freqtrade.worker - INFO - Bot heartbeat. PID=1, version='2025.11.2', state='RUNNING'
2025-12-21 09:48:28,778 - freqtrade.worker - INFO - Bot heartbeat. PID=1, version='2025.11.2', state='RUNNING'
2025-12-21 09:49:28,779 - freqtrade.worker - INFO - Bot heartbeat. PID=1, version='2025.11.2', state='RUNNING'
2025-12-21 09:50:28,780 - freqtrade.worker - INFO - Bot heartbeat. PID=1, version='2025.11.2', state='RUNNING'
2025-12-21 09:51:28,781 - freqtrade.worker - INFO - Bot heartbeat. PID=1, version='2025.11.2', state='RUNNING'
2025-12-21 09:52:28,782 - freqtrade.worker - INFO - Bot heartbeat. PID=1, version='2025.11.2', state='RUNNING'
2025-12-21 09:53:28,784 - freqtrade.worker - INFO - Bot heartbeat. PID=1, version='2025.11.2', state='RUNNING'
2025-12-21 09:54:28,786 - freqtrade.worker - INFO - Bot heartbeat. PID=1, version='2025.11.2', state='RUNNING'
2025-12-21 09:55:28,790 - freqtrade.worker - INFO - Bot heartbeat. PID=1, version='2025.11.2', state='RUNNING'
2025-12-21 09:56:28,791 - freqtrade.worker - INFO - Bot heartbeat. PID=1, version='2025.11.2', state='RUNNING'
2025-12-21 09:57:28,792 - freqtrade.worker - INFO - Bot heartbeat. PID=1, version='2025.11.2', state='RUNNING'
2025-12-21 09:58:28,794 - freqtrade.worker - INFO - Bot heartbeat. PID=1, version='2025.11.2', state='RUNNING'
2025-12-21 09:59:28,795 - freqtrade.worker - INFO - Bot heartbeat. PID=1, version='2025.11.2', state='RUNNING'
2025-12-21 10:00:01,039 - freqtrade.exchange.exchange - INFO - Couldn't reuse watch for XRP/USDT, 1h, falling back to REST api. False, 1766311200000, 0, 2025-12-21T10:00:00, 1970-01-01T00:00:00 
2025-12-21 10:00:01,041 - freqtrade.exchange.exchange - INFO - Couldn't reuse watch for BTC/USDT, 1h, falling back to REST api. False, 1766311200000, 0, 2025-12-21T10:00:00, 1970-01-01T00:00:00 
2025-12-21 10:00:01,042 - freqtrade.exchange.exchange - INFO - Couldn't reuse watch for BTC/USDT, 15m, falling back to REST api. False, 1766311200000, 0, 2025-12-21T10:00:00, 1970-01-01T00:00:00 
2025-12-21 10:00:01,043 - freqtrade.exchange.exchange - INFO - Couldn't reuse watch for SOL/USDT, 1h, falling back to REST api. False, 1766311200000, 0, 2025-12-21T10:00:00, 1970-01-01T00:00:00 
2025-12-21 10:00:01,045 - freqtrade.exchange.exchange - INFO - Couldn't reuse watch for SOL/USDT, 15m, falling back to REST api. False, 1766311200000, 0, 2025-12-21T10:00:00, 1970-01-01T00:00:00 
2025-12-21 10:00:01,047 - freqtrade.exchange.exchange - INFO - Couldn't reuse watch for XRP/USDT, 15m, falling back to REST api. False, 1766311200000, 0, 2025-12-21T10:00:00, 1970-01-01T00:00:00 
2025-12-21 10:00:01,048 - freqtrade.exchange.exchange - INFO - Couldn't reuse watch for ETH/USDT, 1h, falling back to REST api. False, 1766311200000, 0, 2025-12-21T10:00:00, 1970-01-01T00:00:00 
2025-12-21 10:00:01,049 - freqtrade.exchange.exchange - INFO - Couldn't reuse watch for ETH/USDT, 15m, falling back to REST api. False, 1766311200000, 0, 2025-12-21T10:00:00, 1970-01-01T00:00:00 
2025-12-21 10:00:06,042 - freqtrade.exchange.exchange - INFO - Couldn't reuse watch for XRP/USDT, 1h, falling back to REST api. True, 1766311200000, 1766311205886, 2025-12-21T10:00:00, 2025-12-21T10:00:05 
2025-12-21 10:00:06,045 - freqtrade.exchange.exchange - INFO - Couldn't reuse watch for BTC/USDT, 1h, falling back to REST api. True, 1766311200000, 1766311205542, 2025-12-21T10:00:00, 2025-12-21T10:00:05 
2025-12-21 10:00:06,046 - freqtrade.exchange.exchange - INFO - Couldn't reuse watch for BTC/USDT, 15m, falling back to REST api. True, 1766311200000, 1766311205542, 2025-12-21T10:00:00, 2025-12-21T10:00:05 
2025-12-21 10:00:06,048 - freqtrade.exchange.exchange - INFO - Couldn't reuse watch for SOL/USDT, 1h, falling back to REST api. True, 1766311200000, 1766311204324, 2025-12-21T10:00:00, 2025-12-21T10:00:04 
2025-12-21 10:00:06,049 - freqtrade.exchange.exchange - INFO - Couldn't reuse watch for SOL/USDT, 15m, falling back to REST api. True, 1766311200000, 1766311204324, 2025-12-21T10:00:00, 2025-12-21T10:00:04 
2025-12-21 10:00:06,050 - freqtrade.exchange.exchange - INFO - Couldn't reuse watch for XRP/USDT, 15m, falling back to REST api. True, 1766311200000, 1766311205886, 2025-12-21T10:00:00, 2025-12-21T10:00:05 
2025-12-21 10:00:06,052 - freqtrade.exchange.exchange - INFO - Couldn't reuse watch for ETH/USDT, 1h, falling back to REST api. True, 1766311200000, 1766311205542, 2025-12-21T10:00:00, 2025-12-21T10:00:05 
2025-12-21 10:00:06,053 - freqtrade.exchange.exchange - INFO - Couldn't reuse watch for ETH/USDT, 15m, falling back to REST api. True, 1766311200000, 1766311205542, 2025-12-21T10:00:00, 2025-12-21T10:00:05 
2025-12-21 10:00:31,000 - freqtrade.worker - INFO - Bot heartbeat. PID=1, version='2025.11.2', state='RUNNING'
2025-12-21 10:01:31,002 - freqtrade.worker - INFO - Bot heartbeat. PID=1, version='2025.11.2', state='RUNNING'
2025-12-21 10:02:31,005 - freqtrade.worker - INFO - Bot heartbeat. PID=1, version='2025.11.2', state='RUNNING'
2025-12-21 10:03:31,009 - freqtrade.worker - INFO - Bot heartbeat. PID=1, version='2025.11.2', state='RUNNING'
2025-12-21 10:04:31,011 - freqtrade.worker - INFO - Bot heartbeat. PID=1, version='2025.11.2', state='RUNNING'
2025-12-21 10:05:31,013 - freqtrade.worker - INFO - Bot heartbeat. PID=1, version='2025.11.2', state='RUNNING'
2025-12-21 10:06:31,018 - freqtrade.worker - INFO - Bot heartbeat. PID=1, version='2025.11.2', state='RUNNING'
2025-12-21 10:07:31,018 - freqtrade.worker - INFO - Bot heartbeat. PID=1, version='2025.11.2', state='RUNNING'
2025-12-21 10:08:31,019 - freqtrade.worker - INFO - Bot heartbeat. PID=1, version='2025.11.2', state='RUNNING'
2025-12-21 10:09:31,023 - freqtrade.worker - INFO - Bot heartbeat. PID=1, version='2025.11.2', state='RUNNING'
2025-12-21 10:10:31,027 - freqtrade.worker - INFO - Bot heartbeat. PID=1, version='2025.11.2', state='RUNNING'
2025-12-21 10:11:31,029 - freqtrade.worker - INFO - Bot heartbeat. PID=1, version='2025.11.2', state='RUNNING'
2025-12-21 10:12:31,031 - freqtrade.worker - INFO - Bot heartbeat. PID=1, version='2025.11.2', state='RUNNING'
2025-12-21 10:13:31,033 - freqtrade.worker - INFO - Bot heartbeat. PID=1, version='2025.11.2', state='RUNNING'
2025-12-21 10:14:31,035 - freqtrade.worker - INFO - Bot heartbeat. PID=1, version='2025.11.2', state='RUNNING'
2025-12-21 10:15:36,001 - freqtrade.worker - INFO - Bot heartbeat. PID=1, version='2025.11.2', state='RUNNING'
2025-12-21 10:16:36,003 - freqtrade.worker - INFO - Bot heartbeat. PID=1, version='2025.11.2', state='RUNNING'
2025-12-21 10:17:36,008 - freqtrade.worker - INFO - Bot heartbeat. PID=1, version='2025.11.2', state='RUNNING'
2025-12-21 10:18:36,010 - freqtrade.worker - INFO - Bot heartbeat. PID=1, version='2025.11.2', state='RUNNING'
2025-12-21 10:19:36,011 - freqtrade.worker - INFO - Bot heartbeat. PID=1, version='2025.11.2', state='RUNNING'
2025-12-21 10:20:36,013 - freqtrade.worker - INFO - Bot heartbeat. PID=1, version='2025.11.2', state='RUNNING'
2025-12-21 10:21:36,016 - freqtrade.worker - INFO - Bot heartbeat. PID=1, version='2025.11.2', state='RUNNING'
2025-12-21 10:27:17,764 - freqtrade.worker - INFO - Bot heartbeat. PID=1, version='2025.11.2', state='RUNNING'
2025-12-21 10:27:24,672 - freqtrade.commands.trade_commands - INFO - worker found ... calling exit
2025-12-21 10:27:24,673 - freqtrade.rpc.rpc_manager - INFO - Sending rpc message: {'type': status, 'status': 'process died'}
2025-12-21 10:27:24,674 - freqtrade.freqtradebot - INFO - Cleaning up modules ...
2025-12-21 10:27:24,676 - freqtrade.rpc.rpc_manager - INFO - Cleaning up rpc modules ...
2025-12-21 10:27:24,677 - freqtrade.rpc.rpc_manager - INFO - Cleaning up rpc.apiserver ...
2025-12-21 10:27:24,678 - freqtrade.rpc.api_server.webserver - INFO - Stopping API Server
2025-12-21 10:27:24,720 - uvicorn.error - INFO - Shutting down
2025-12-21 10:27:24,822 - uvicorn.error - INFO - Waiting for application shutdown.
2025-12-21 10:27:24,824 - uvicorn.error - INFO - Application shutdown complete.
2025-12-21 10:27:24,825 - uvicorn.error - INFO - Finished server process [1]
2025-12-21 10:27:24,827 - freqtrade.exchange.exchange_ws - INFO - Resetting WS connections.
2025-12-21 10:27:24,829 - freqtrade.exchange.exchange_ws - INFO - ETH/USDT, 1h, spot - Task finished - cancelled
2025-12-21 10:27:24,831 - freqtrade.exchange.exchange_ws - INFO - ETH/USDT, 15m, spot - Task finished - cancelled
2025-12-21 10:27:24,834 - freqtrade.exchange.exchange_ws - INFO - BTC/USDT, 1h, spot - Task finished - cancelled
2025-12-21 10:27:24,835 - freqtrade.exchange.exchange_ws - INFO - BTC/USDT, 15m, spot - Task finished - cancelled
2025-12-21 10:27:24,835 - freqtrade.exchange.exchange_ws - INFO - XRP/USDT, 15m, spot - Task finished - cancelled
2025-12-21 10:27:24,836 - freqtrade.exchange.exchange_ws - INFO - SOL/USDT, 15m, spot - Task finished - cancelled
2025-12-21 10:27:24,837 - freqtrade.exchange.exchange_ws - INFO - SOL/USDT, 1h, spot - Task finished - cancelled
2025-12-21 10:27:24,838 - freqtrade.exchange.exchange_ws - INFO - XRP/USDT, 1h, spot - Task finished - cancelled
2025-12-21 10:27:24,840 - freqtrade.exchange.exchange_ws - ERROR - Exception in _unwatch_ohlcv
Traceback (most recent call last):
  File "/freqtrade/freqtrade/exchange/exchange_ws.py", line 144, in _unwatch_ohlcv
    await self._ccxt_object.un_watch_ohlcv_for_symbols([[pair, timeframe]])
  File "/home/ftuser/.local/lib/python3.13/site-packages/ccxt/pro/binance.py", line 1494, in un_watch_ohlcv_for_symbols
    return await self.watch_multiple(url, messageHashes, self.extend(request, params), messageHashes, subscribe)
           ^^^^^^^^^^^^^^^^^^^^^^^^^^^^^^^^^^^^^^^^^^^^^^^^^^^^^^^^^^^^^^^^^^^^^^^^^^^^^^^^^^^^^^^^^^^^^^^^^^^^^
ccxt.base.errors.NetworkError: Connection closed by remote server, closing code 1006
2025-12-21 10:27:24,843 - freqtrade.exchange.exchange_ws - ERROR - Exception in _unwatch_ohlcv
Traceback (most recent call last):
  File "/freqtrade/freqtrade/exchange/exchange_ws.py", line 144, in _unwatch_ohlcv
    await self._ccxt_object.un_watch_ohlcv_for_symbols([[pair, timeframe]])
  File "/home/ftuser/.local/lib/python3.13/site-packages/ccxt/pro/binance.py", line 1494, in un_watch_ohlcv_for_symbols
    return await self.watch_multiple(url, messageHashes, self.extend(request, params), messageHashes, subscribe)
           ^^^^^^^^^^^^^^^^^^^^^^^^^^^^^^^^^^^^^^^^^^^^^^^^^^^^^^^^^^^^^^^^^^^^^^^^^^^^^^^^^^^^^^^^^^^^^^^^^^^^^
ccxt.base.errors.NetworkError: Connection closed by remote server, closing code 1006
2025-12-21 10:27:24,847 - freqtrade.exchange.exchange_ws - ERROR - Exception in _unwatch_ohlcv
Traceback (most recent call last):
  File "/freqtrade/freqtrade/exchange/exchange_ws.py", line 144, in _unwatch_ohlcv
    await self._ccxt_object.un_watch_ohlcv_for_symbols([[pair, timeframe]])
  File "/home/ftuser/.local/lib/python3.13/site-packages/ccxt/pro/binance.py", line 1494, in un_watch_ohlcv_for_symbols
    return await self.watch_multiple(url, messageHashes, self.extend(request, params), messageHashes, subscribe)
           ^^^^^^^^^^^^^^^^^^^^^^^^^^^^^^^^^^^^^^^^^^^^^^^^^^^^^^^^^^^^^^^^^^^^^^^^^^^^^^^^^^^^^^^^^^^^^^^^^^^^^
ccxt.base.errors.NetworkError: Connection closed by remote server, closing code 1006
2025-12-21 10:27:24,849 - freqtrade.exchange.exchange_ws - ERROR - Exception in _unwatch_ohlcv
Traceback (most recent call last):
  File "/freqtrade/freqtrade/exchange/exchange_ws.py", line 144, in _unwatch_ohlcv
    await self._ccxt_object.un_watch_ohlcv_for_symbols([[pair, timeframe]])
  File "/home/ftuser/.local/lib/python3.13/site-packages/ccxt/pro/binance.py", line 1494, in un_watch_ohlcv_for_symbols
    return await self.watch_multiple(url, messageHashes, self.extend(request, params), messageHashes, subscribe)
           ^^^^^^^^^^^^^^^^^^^^^^^^^^^^^^^^^^^^^^^^^^^^^^^^^^^^^^^^^^^^^^^^^^^^^^^^^^^^^^^^^^^^^^^^^^^^^^^^^^^^^
ccxt.base.errors.NetworkError: Connection closed by remote server, closing code 1006
2025-12-21 10:27:24,851 - freqtrade.exchange.exchange_ws - ERROR - Exception in _unwatch_ohlcv
Traceback (most recent call last):
  File "/freqtrade/freqtrade/exchange/exchange_ws.py", line 144, in _unwatch_ohlcv
    await self._ccxt_object.un_watch_ohlcv_for_symbols([[pair, timeframe]])
  File "/home/ftuser/.local/lib/python3.13/site-packages/ccxt/pro/binance.py", line 1494, in un_watch_ohlcv_for_symbols
    return await self.watch_multiple(url, messageHashes, self.extend(request, params), messageHashes, subscribe)
           ^^^^^^^^^^^^^^^^^^^^^^^^^^^^^^^^^^^^^^^^^^^^^^^^^^^^^^^^^^^^^^^^^^^^^^^^^^^^^^^^^^^^^^^^^^^^^^^^^^^^^
ccxt.base.errors.NetworkError: Connection closed by remote server, closing code 1006
2025-12-21 10:27:24,853 - freqtrade.exchange.exchange_ws - ERROR - Exception in _unwatch_ohlcv
Traceback (most recent call last):
  File "/freqtrade/freqtrade/exchange/exchange_ws.py", line 144, in _unwatch_ohlcv
    await self._ccxt_object.un_watch_ohlcv_for_symbols([[pair, timeframe]])
  File "/home/ftuser/.local/lib/python3.13/site-packages/ccxt/pro/binance.py", line 1494, in un_watch_ohlcv_for_symbols
    return await self.watch_multiple(url, messageHashes, self.extend(request, params), messageHashes, subscribe)
           ^^^^^^^^^^^^^^^^^^^^^^^^^^^^^^^^^^^^^^^^^^^^^^^^^^^^^^^^^^^^^^^^^^^^^^^^^^^^^^^^^^^^^^^^^^^^^^^^^^^^^
ccxt.base.errors.NetworkError: Connection closed by remote server, closing code 1006
2025-12-21 10:27:24,854 - freqtrade.exchange.exchange_ws - ERROR - Exception in _unwatch_ohlcv
Traceback (most recent call last):
  File "/freqtrade/freqtrade/exchange/exchange_ws.py", line 144, in _unwatch_ohlcv
    await self._ccxt_object.un_watch_ohlcv_for_symbols([[pair, timeframe]])
  File "/home/ftuser/.local/lib/python3.13/site-packages/ccxt/pro/binance.py", line 1494, in un_watch_ohlcv_for_symbols
    return await self.watch_multiple(url, messageHashes, self.extend(request, params), messageHashes, subscribe)
           ^^^^^^^^^^^^^^^^^^^^^^^^^^^^^^^^^^^^^^^^^^^^^^^^^^^^^^^^^^^^^^^^^^^^^^^^^^^^^^^^^^^^^^^^^^^^^^^^^^^^^
ccxt.base.errors.NetworkError: Connection closed by remote server, closing code 1006
2025-12-21 10:27:24,856 - freqtrade.exchange.exchange_ws - ERROR - Exception in _unwatch_ohlcv
Traceback (most recent call last):
  File "/freqtrade/freqtrade/exchange/exchange_ws.py", line 144, in _unwatch_ohlcv
    await self._ccxt_object.un_watch_ohlcv_for_symbols([[pair, timeframe]])
  File "/home/ftuser/.local/lib/python3.13/site-packages/ccxt/pro/binance.py", line 1494, in un_watch_ohlcv_for_symbols
    return await self.watch_multiple(url, messageHashes, self.extend(request, params), messageHashes, subscribe)
           ^^^^^^^^^^^^^^^^^^^^^^^^^^^^^^^^^^^^^^^^^^^^^^^^^^^^^^^^^^^^^^^^^^^^^^^^^^^^^^^^^^^^^^^^^^^^^^^^^^^^^
ccxt.base.errors.NetworkError: Connection closed by remote server, closing code 1006
2025-12-21 10:27:38,157 - freqtrade.loggers - INFO - Enabling colorized output.
2025-12-21 10:27:38,159 - freqtrade.loggers - INFO - Logfile configured
2025-12-21 10:27:38,160 - freqtrade.loggers - INFO - Verbosity set to 0
2025-12-21 10:27:38,161 - freqtrade.configuration.configuration - INFO - Runmode set to dry_run.
2025-12-21 10:27:38,162 - freqtrade.configuration.configuration - INFO - Parameter --db-url detected ...
2025-12-21 10:27:38,163 - freqtrade.configuration.configuration - INFO - Dry run is enabled
2025-12-21 10:27:38,164 - freqtrade.configuration.configuration - INFO - Using DB: "sqlite:////freqtrade/user_data/tradesv3.sqlite"
2025-12-21 10:27:38,165 - freqtrade.configuration.configuration - INFO - Using max_open_trades: 3 ...
2025-12-21 10:27:38,343 - freqtrade.configuration.configuration - INFO - Using user-data directory: /freqtrade/user_data ...
2025-12-21 10:27:38,347 - freqtrade.configuration.configuration - INFO - Using data directory: /freqtrade/user_data/data/binance ...
2025-12-21 10:27:38,349 - freqtrade.exchange.check_exchange - INFO - Checking exchange...
2025-12-21 10:27:38,368 - freqtrade.exchange.check_exchange - INFO - Exchange "binance" is officially supported by the Freqtrade development team.
2025-12-21 10:27:38,369 - freqtrade.configuration.configuration - INFO - Using pairlist from configuration.
2025-12-21 10:27:38,371 - freqtrade.exchange.exchange - INFO - Instance is running with dry_run enabled
2025-12-21 10:27:38,372 - freqtrade.exchange.exchange - INFO - Using CCXT 4.5.27
2025-12-21 10:27:38,417 - freqtrade.exchange.exchange - INFO - Using Exchange "Binance"
2025-12-21 10:27:40,763 - freqtrade.resolvers.exchange_resolver - INFO - Using resolved exchange 'Binance'...
2025-12-21 10:27:40,838 - smc_indicators - WARNING - smartmoneyconcepts not installed. Run: pip install smartmoneyconcepts
2025-12-21 10:27:40,845 - freqtrade.resolvers.iresolver - INFO - Using resolved strategy SMCStrategy from '/freqtrade/user_data/strategies/SMCStrategy.py'...
2025-12-21 10:27:40,847 - freqtrade.strategy.hyper - INFO - Found no parameter file.
2025-12-21 10:27:40,848 - freqtrade.resolvers.strategy_resolver - INFO - Override strategy 'stake_currency' with value from the configuration: USDT.
2025-12-21 10:27:40,849 - freqtrade.resolvers.strategy_resolver - INFO - Override strategy 'stake_amount' with value from the configuration: 50.
2025-12-21 10:27:40,850 - freqtrade.resolvers.strategy_resolver - INFO - Override strategy 'unfilledtimeout' with value from the configuration: {'entry': 10, 'exit': 10, 'exit_timeout_count': 0, 'unit': 'minutes'}.
2025-12-21 10:27:40,850 - freqtrade.resolvers.strategy_resolver - INFO - Override strategy 'max_open_trades' with value from the configuration: 3.
2025-12-21 10:27:40,851 - freqtrade.resolvers.strategy_resolver - INFO - Strategy using minimal_roi: {'0': 0.05, '30': 0.03, '60': 0.02, '120': 0.01}
2025-12-21 10:27:40,852 - freqtrade.resolvers.strategy_resolver - INFO - Strategy using timeframe: 15m
2025-12-21 10:27:40,852 - freqtrade.resolvers.strategy_resolver - INFO - Strategy using stoploss: -0.03
2025-12-21 10:27:40,853 - freqtrade.resolvers.strategy_resolver - INFO - Strategy using trailing_stop: True
2025-12-21 10:27:40,854 - freqtrade.resolvers.strategy_resolver - INFO - Strategy using trailing_stop_positive: 0.01
2025-12-21 10:27:40,855 - freqtrade.resolvers.strategy_resolver - INFO - Strategy using trailing_stop_positive_offset: 0.015
2025-12-21 10:27:40,855 - freqtrade.resolvers.strategy_resolver - INFO - Strategy using trailing_only_offset_is_reached: True
2025-12-21 10:27:40,856 - freqtrade.resolvers.strategy_resolver - INFO - Strategy using use_custom_stoploss: False
2025-12-21 10:27:40,856 - freqtrade.resolvers.strategy_resolver - INFO - Strategy using process_only_new_candles: True
2025-12-21 10:27:40,857 - freqtrade.resolvers.strategy_resolver - INFO - Strategy using order_types: {'entry': 'limit', 'exit': 'limit', 'stoploss': 'limit', 'stoploss_on_exchange': False, 'stoploss_on_exchange_interval': 60}
2025-12-21 10:27:40,858 - freqtrade.resolvers.strategy_resolver - INFO - Strategy using order_time_in_force: {'entry': 'GTC', 'exit': 'GTC'}
2025-12-21 10:27:40,858 - freqtrade.resolvers.strategy_resolver - INFO - Strategy using stake_currency: USDT
2025-12-21 10:27:40,859 - freqtrade.resolvers.strategy_resolver - INFO - Strategy using stake_amount: 50
2025-12-21 10:27:40,859 - freqtrade.resolvers.strategy_resolver - INFO - Strategy using startup_candle_count: 100
2025-12-21 10:27:40,860 - freqtrade.resolvers.strategy_resolver - INFO - Strategy using unfilledtimeout: {'entry': 10, 'exit': 10, 'exit_timeout_count': 0, 'unit': 'minutes'}
2025-12-21 10:27:40,861 - freqtrade.resolvers.strategy_resolver - INFO - Strategy using use_exit_signal: True
2025-12-21 10:27:40,861 - freqtrade.resolvers.strategy_resolver - INFO - Strategy using exit_profit_only: False
2025-12-21 10:27:40,862 - freqtrade.resolvers.strategy_resolver - INFO - Strategy using ignore_roi_if_entry_signal: False
2025-12-21 10:27:40,862 - freqtrade.resolvers.strategy_resolver - INFO - Strategy using exit_profit_offset: 0.0
2025-12-21 10:27:40,863 - freqtrade.resolvers.strategy_resolver - INFO - Strategy using disable_dataframe_checks: False
2025-12-21 10:27:40,863 - freqtrade.resolvers.strategy_resolver - INFO - Strategy using ignore_buying_expired_candle_after: 0
2025-12-21 10:27:40,864 - freqtrade.resolvers.strategy_resolver - INFO - Strategy using position_adjustment_enable: False
2025-12-21 10:27:40,865 - freqtrade.resolvers.strategy_resolver - INFO - Strategy using max_entry_position_adjustment: -1
2025-12-21 10:27:40,865 - freqtrade.resolvers.strategy_resolver - INFO - Strategy using max_open_trades: 3
2025-12-21 10:27:40,866 - freqtrade.configuration.config_validation - INFO - Validating configuration ...
2025-12-21 10:27:40,932 - freqtrade.wallets - INFO - Wallets synced.
2025-12-21 10:27:41,370 - freqtrade.rpc.rpc_manager - INFO - Enabling rpc.api_server
2025-12-21 10:27:41,600 - freqtrade.rpc.api_server.webserver - INFO - Starting HTTP Server at 0.0.0.0:8080
2025-12-21 10:27:41,601 - freqtrade.rpc.api_server.webserver - INFO - Starting Local Rest Server.
2025-12-21 10:27:41,640 - uvicorn.error - INFO - Started server process [1]
2025-12-21 10:27:41,642 - uvicorn.error - INFO - Waiting for application startup.
2025-12-21 10:27:41,643 - uvicorn.error - INFO - Application startup complete.
2025-12-21 10:27:41,644 - uvicorn.error - INFO - Uvicorn running on http://0.0.0.0:8080 (Press CTRL+C to quit)
2025-12-21 10:27:41,649 - freqtrade.resolvers.iresolver - INFO - Using resolved pairlist StaticPairList from '/freqtrade/freqtrade/plugins/pairlist/StaticPairList.py'...
2025-12-21 10:27:41,651 - freqtrade.freqtradebot - INFO - Starting initial pairlist refresh
2025-12-21 10:27:41,688 - freqtrade.plugins.pairlistmanager - WARNING - Pair BNB/USDT in your blacklist. Removing it from whitelist...
2025-12-21 10:27:41,689 - freqtrade.plugins.pairlistmanager - INFO - Whitelist with 4 pairs: ['BTC/USDT', 'ETH/USDT', 'SOL/USDT', 'XRP/USDT']
2025-12-21 10:27:41,690 - freqtrade.freqtradebot - INFO - Initial Pairlist refresh took 0.04s
2025-12-21 10:27:41,692 - freqtrade.strategy.hyper - INFO - No params for buy found, using default values.
2025-12-21 10:27:41,693 - freqtrade.strategy.hyper - INFO - Strategy Parameter(default): fvg_min_size = 0.003
2025-12-21 10:27:41,693 - freqtrade.strategy.hyper - INFO - Strategy Parameter(default): ob_lookback = 50
2025-12-21 10:27:41,694 - freqtrade.strategy.hyper - INFO - Strategy Parameter(default): ob_threshold = 0.5
2025-12-21 10:27:41,695 - freqtrade.strategy.hyper - INFO - Strategy Parameter(default): swing_length = 10
2025-12-21 10:27:41,696 - freqtrade.strategy.hyper - INFO - No params for sell found, using default values.
2025-12-21 10:27:41,696 - freqtrade.strategy.hyper - INFO - Strategy Parameter(default): risk_reward = 1.5
2025-12-21 10:27:41,697 - freqtrade.plugins.protectionmanager - INFO - No protection Handlers defined.
2025-12-21 10:27:41,698 - freqtrade.rpc.rpc_manager - INFO - Sending rpc message: {'type': status, 'status': 'running'}
2025-12-21 10:27:41,699 - freqtrade.worker - INFO - Changing state to: RUNNING
2025-12-21 10:27:41,711 - freqtrade.rpc.rpc_manager - INFO - Sending rpc message: {'type': warning, 'status': 'Dry run is enabled. All trades are simulated.'}
2025-12-21 10:27:41,713 - freqtrade.rpc.rpc_manager - INFO - Sending rpc message: {'type': startup, 'status': "*Exchange:* `binance`\n*Stake per trade:* `50 USDT`\n*Minimum ROI:* `{'0': 0.05, '30': 0.03, '60': 0.02, '120': 0.01}`\n*Trailing Stoploss:* `-0.03`\n*Position adjustment:* `Off`\n*Timeframe:* `15m`\n*Strategy:* `SMCStrategy`"}
2025-12-21 10:27:41,713 - freqtrade.rpc.rpc_manager - INFO - Sending rpc message: {'type': startup, 'status': "Searching for USDT pairs to buy and sell based on [{'StaticPairList': 'StaticPairList'}]"}
2025-12-21 10:27:46,718 - freqtrade.worker - INFO - Bot heartbeat. PID=1, version='2025.11.2', state='RUNNING'
2025-12-21 10:28:46,719 - freqtrade.worker - INFO - Bot heartbeat. PID=1, version='2025.11.2', state='RUNNING'
2025-12-21 10:29:46,719 - freqtrade.worker - INFO - Bot heartbeat. PID=1, version='2025.11.2', state='RUNNING'
2025-12-21 10:30:50,997 - freqtrade.worker - INFO - Bot heartbeat. PID=1, version='2025.11.2', state='RUNNING'
2025-12-21 10:31:50,997 - freqtrade.worker - INFO - Bot heartbeat. PID=1, version='2025.11.2', state='RUNNING'
2025-12-21 10:32:50,998 - freqtrade.worker - INFO - Bot heartbeat. PID=1, version='2025.11.2', state='RUNNING'
2025-12-21 10:33:55,998 - freqtrade.worker - INFO - Bot heartbeat. PID=1, version='2025.11.2', state='RUNNING'
2025-12-21 10:35:00,995 - freqtrade.worker - INFO - Bot heartbeat. PID=1, version='2025.11.2', state='RUNNING'
2025-12-21 10:36:00,999 - freqtrade.worker - INFO - Bot heartbeat. PID=1, version='2025.11.2', state='RUNNING'
2025-12-21 10:37:01,001 - freqtrade.worker - INFO - Bot heartbeat. PID=1, version='2025.11.2', state='RUNNING'
2025-12-21 10:38:01,002 - freqtrade.worker - INFO - Bot heartbeat. PID=1, version='2025.11.2', state='RUNNING'
2025-12-21 10:39:01,002 - freqtrade.worker - INFO - Bot heartbeat. PID=1, version='2025.11.2', state='RUNNING'
2025-12-21 10:40:01,004 - freqtrade.worker - INFO - Bot heartbeat. PID=1, version='2025.11.2', state='RUNNING'
2025-12-21 10:41:01,004 - freqtrade.worker - INFO - Bot heartbeat. PID=1, version='2025.11.2', state='RUNNING'
2025-12-21 10:42:01,006 - freqtrade.worker - INFO - Bot heartbeat. PID=1, version='2025.11.2', state='RUNNING'
2025-12-21 10:43:01,007 - freqtrade.worker - INFO - Bot heartbeat. PID=1, version='2025.11.2', state='RUNNING'
2025-12-21 10:44:01,008 - freqtrade.worker - INFO - Bot heartbeat. PID=1, version='2025.11.2', state='RUNNING'
